<?xml version="1.0" encoding="UTF-8"?>
<!-- Generated by org.testng.reporters.JUnitXMLReporter -->
<testsuite hostname="Karthik" ignored="0" name="Free CRM App Test Cases" tests="12" failures="0" timestamp="03 Dec 2018 08:04:03 GMT" time="698.609" errors="0">
  <testcase name="loginPageTitleTest" time="0.028" classname="com.crm.qa.testcases.LoginPageTest"/>
  <testcase name="verifyHomePageTitleTest" time="0.022" classname="com.crm.qa.testcases.HomePageTest"/>
  <testcase name="verifyContactsPageLabelTest" time="0.042" classname="com.crm.qa.testcases.ContactsPageTest"/>
  <testcase name="crmLogoImageTest" time="0.105" classname="com.crm.qa.testcases.LoginPageTest"/>
  <testcase name="verifyUserNameTest" time="0.203" classname="com.crm.qa.testcases.HomePageTest"/>
  <testcase name="selectSingleContactsTest" time="0.175" classname="com.crm.qa.testcases.ContactsPageTest"/>
  <testcase name="loginTest" time="47.163" classname="com.crm.qa.testcases.LoginPageTest"/>
  <testcase name="verifyContactsLinkTest" time="2.345" classname="com.crm.qa.testcases.HomePageTest"/>
  <testcase name="selectMultipleContactsTest" time="0.313" classname="com.crm.qa.testcases.ContactsPageTest"/>
  <testcase name="validateCreateNewContact" time="9.799" classname="com.crm.qa.testcases.ContactsPageTest"/>
  <testcase name="validateCreateNewContact" time="7.133" classname="com.crm.qa.testcases.ContactsPageTest"/>
  <testcase name="validateCreateNewContact" time="7.419" classname="com.crm.qa.testcases.ContactsPageTest"/>
</testsuite> <!-- Free CRM App Test Cases -->
