<?xml version="1.0" encoding="UTF-8"?>
<!-- Generated by org.testng.reporters.JUnitXMLReporter -->
<testsuite hostname="Karthik" ignored="0" name="Default test" tests="3" failures="0" timestamp="18 Dec 2018 13:38:04 GMT" time="77.129" errors="0">
  <testcase name="crmLogoImageTest" time="0.061" classname="com.crm.qa.testcases.LoginPageTest"/>
  <testcase name="loginPageTitleTest" time="0.018" classname="com.crm.qa.testcases.LoginPageTest"/>
  <testcase name="loginTest" time="28.488" classname="com.crm.qa.testcases.LoginPageTest"/>
</testsuite> <!-- Default test -->
