<?xml version="1.0" encoding="UTF-8"?>
<!-- Generated by org.testng.reporters.JUnitXMLReporter -->
<testsuite hostname="Karthik" ignored="3" name="Default test" tests="3" failures="0" timestamp="28 Nov 2018 17:58:37 GMT" time="251.243" errors="0">
  <testcase name="validateCreateNewContact" time="10.55" classname="com.crm.qa.testcases.ContactsPageTest"/>
  <testcase name="validateCreateNewContact" time="7.124" classname="com.crm.qa.testcases.ContactsPageTest"/>
  <testcase name="validateCreateNewContact" time="7.1" classname="com.crm.qa.testcases.ContactsPageTest"/>
  <testcase name="verifyContactsPageLabelTest" time="0.0" classname="com.crm.qa.testcases.ContactsPageTest">
    <ignored/>
  </testcase> <!-- verifyContactsPageLabelTest -->
  <testcase name="selectMultipleContactsTest" time="0.0" classname="com.crm.qa.testcases.ContactsPageTest">
    <ignored/>
  </testcase> <!-- selectMultipleContactsTest -->
  <testcase name="selectSingleContactsTest" time="0.0" classname="com.crm.qa.testcases.ContactsPageTest">
    <ignored/>
  </testcase> <!-- selectSingleContactsTest -->
</testsuite> <!-- Default test -->
