<?xml version="1.0" encoding="UTF-8"?>
<testng-results skipped="0" failed="0" ignored="0" total="3" passed="3">
  <reporter-output>
  </reporter-output>
  <suite name="Default suite" duration-ms="77129" started-at="2018-12-18T13:36:47Z" finished-at="2018-12-18T13:38:04Z">
    <groups>
    </groups>
    <test name="Default test" duration-ms="77129" started-at="2018-12-18T13:36:47Z" finished-at="2018-12-18T13:38:04Z">
      <class name="com.crm.qa.testcases.LoginPageTest">
        <test-method status="PASS" signature="setup()[pri:0, instance:com.crm.qa.testcases.LoginPageTest@1f8bee4]" name="setup" is-config="true" duration-ms="20663" started-at="2018-12-18T13:36:47Z" finished-at="2018-12-18T13:37:07Z">
          <reporter-output>
          </reporter-output>
        </test-method> <!-- setup -->
        <test-method status="PASS" signature="crmLogoImageTest()[pri:0, instance:com.crm.qa.testcases.LoginPageTest@1f8bee4]" name="crmLogoImageTest" duration-ms="61" started-at="2018-12-18T13:37:07Z" finished-at="2018-12-18T13:37:07Z">
          <reporter-output>
          </reporter-output>
        </test-method> <!-- crmLogoImageTest -->
        <test-method status="PASS" signature="tearDown()[pri:0, instance:com.crm.qa.testcases.LoginPageTest@1f8bee4]" name="tearDown" is-config="true" duration-ms="662" started-at="2018-12-18T13:37:07Z" finished-at="2018-12-18T13:37:08Z">
          <reporter-output>
          </reporter-output>
        </test-method> <!-- tearDown -->
        <test-method status="PASS" signature="setup()[pri:0, instance:com.crm.qa.testcases.LoginPageTest@1f8bee4]" name="setup" is-config="true" duration-ms="12407" started-at="2018-12-18T13:37:08Z" finished-at="2018-12-18T13:37:20Z">
          <reporter-output>
          </reporter-output>
        </test-method> <!-- setup -->
        <test-method status="PASS" signature="loginPageTitleTest()[pri:0, instance:com.crm.qa.testcases.LoginPageTest@1f8bee4]" name="loginPageTitleTest" duration-ms="18" started-at="2018-12-18T13:37:20Z" finished-at="2018-12-18T13:37:20Z">
          <reporter-output>
          </reporter-output>
        </test-method> <!-- loginPageTitleTest -->
        <test-method status="PASS" signature="tearDown()[pri:0, instance:com.crm.qa.testcases.LoginPageTest@1f8bee4]" name="tearDown" is-config="true" duration-ms="636" started-at="2018-12-18T13:37:20Z" finished-at="2018-12-18T13:37:21Z">
          <reporter-output>
          </reporter-output>
        </test-method> <!-- tearDown -->
        <test-method status="PASS" signature="setup()[pri:0, instance:com.crm.qa.testcases.LoginPageTest@1f8bee4]" name="setup" is-config="true" duration-ms="13529" started-at="2018-12-18T13:37:21Z" finished-at="2018-12-18T13:37:35Z">
          <reporter-output>
          </reporter-output>
        </test-method> <!-- setup -->
        <test-method status="PASS" signature="loginTest()[pri:0, instance:com.crm.qa.testcases.LoginPageTest@1f8bee4]" name="loginTest" duration-ms="28488" started-at="2018-12-18T13:37:35Z" finished-at="2018-12-18T13:38:03Z">
          <reporter-output>
          </reporter-output>
        </test-method> <!-- loginTest -->
        <test-method status="PASS" signature="tearDown()[pri:0, instance:com.crm.qa.testcases.LoginPageTest@1f8bee4]" name="tearDown" is-config="true" duration-ms="635" started-at="2018-12-18T13:38:03Z" finished-at="2018-12-18T13:38:04Z">
          <reporter-output>
          </reporter-output>
        </test-method> <!-- tearDown -->
      </class> <!-- com.crm.qa.testcases.LoginPageTest -->
    </test> <!-- Default test -->
  </suite> <!-- Default suite -->
</testng-results>
